 WARN [2015-08-11 19:12:41,697] (ConnectionFactory.java:clearCache:217) - No cached connections
 WARN [2015-08-11 19:12:41,747] (DescribeObjectRegistry.java:clearCache:661) - No cached describes
 WARN [2015-08-11 19:12:41,748] (MetadataFactory.java:clearCache:126) - No cached metadata stubs
 WARN [2015-08-14 09:27:10,798] (BaseRetryAspect.java:isLoginExceptionRetryable:117) - Login evaluation deemed exception not retry-able:
 LoginFault: Invalid username, password, security token; or user locked out.
 WARN [2015-08-14 09:27:10,840] (BaseRetryAspect.java:isConnectionExceptionRetryable:153) - Connection evaluation deemed exception not retry-able:
 LoginFault: Invalid username, password, security token; or user locked out.
 WARN [2015-08-14 09:27:10,842] (ProjectController.java:getRemotePackageNames:939) - Unable to get project packages for project 'TestApp': Invalid username, password, security token; or user locked out.
 WARN [2015-08-14 09:27:10,914] (ProjectOrganizationPage.java:prepareNextPage:269) - Unable to login: Invalid username, password, security token; or user locked out.
 WARN [2015-08-14 09:31:22,533] (BaseRetryAspect.java:isLoginExceptionRetryable:117) - Login evaluation deemed exception not retry-able:
 LoginFault: Invalid username, password, security token; or user locked out.
 WARN [2015-08-14 09:31:22,535] (BaseRetryAspect.java:isConnectionExceptionRetryable:153) - Connection evaluation deemed exception not retry-able:
 LoginFault: Invalid username, password, security token; or user locked out.
 WARN [2015-08-14 09:31:22,585] (ProjectController.java:getRemotePackageNames:939) - Unable to get project packages for project 'TestApp': Invalid username, password, security token; or user locked out.
 WARN [2015-08-14 09:31:22,843] (ProjectOrganizationPage.java:prepareNextPage:269) - Unable to login: Invalid username, password, security token; or user locked out.
 WARN [2015-08-14 09:32:33,881] (BaseRetryAspect.java:isLoginExceptionRetryable:117) - Login evaluation deemed exception not retry-able:
 LoginFault: Invalid username, password, security token; or user locked out.
 WARN [2015-08-14 09:32:33,883] (BaseRetryAspect.java:isConnectionExceptionRetryable:153) - Connection evaluation deemed exception not retry-able:
 LoginFault: Invalid username, password, security token; or user locked out.
 WARN [2015-08-14 09:32:33,885] (ProjectController.java:getRemotePackageNames:939) - Unable to get project packages for project 'TestApp': Invalid username, password, security token; or user locked out.
 WARN [2015-08-14 09:32:33,984] (ProjectOrganizationPage.java:prepareNextPage:269) - Unable to login: Invalid username, password, security token; or user locked out.
 WARN [2015-08-14 09:32:49,652] (BaseRetryAspect.java:isLoginExceptionRetryable:117) - Login evaluation deemed exception not retry-able:
 LoginFault: Invalid username, password, security token; or user locked out.
 WARN [2015-08-14 09:32:49,654] (BaseRetryAspect.java:isConnectionExceptionRetryable:153) - Connection evaluation deemed exception not retry-able:
 LoginFault: Invalid username, password, security token; or user locked out.
 WARN [2015-08-14 09:32:49,656] (ProjectController.java:getRemotePackageNames:939) - Unable to get project packages for project 'TestApp': Invalid username, password, security token; or user locked out.
 WARN [2015-08-14 09:32:49,750] (ProjectOrganizationPage.java:prepareNextPage:269) - Unable to login: Invalid username, password, security token; or user locked out.
 WARN [2015-08-14 09:38:54,093] (ComponentFactory.java:getComponentBean:1154) - Unable to get component for id 'AuraDefinitionBundle': Unable to get bean for id 'AuraDefinitionBundle'
 WARN [2015-08-14 09:38:54,103] (ComponentFactory.java:getComponentBean:1154) - Unable to get component for id 'ExternalDataSource': Unable to get bean for id 'ExternalDataSource'
 WARN [2015-08-14 09:38:54,104] (ComponentFactory.java:getComponentBean:1154) - Unable to get component for id 'NamedCredential': Unable to get bean for id 'NamedCredential'
 WARN [2015-08-14 09:38:54,189] (ComponentFactory.java:getComponentBean:1154) - Unable to get component for id 'MatchingRules': Unable to get bean for id 'MatchingRules'
 WARN [2015-08-14 09:38:54,196] (ComponentFactory.java:getComponentBean:1154) - Unable to get component for id 'ChannelLayout': Unable to get bean for id 'ChannelLayout'
 WARN [2015-08-14 09:38:54,197] (ComponentFactory.java:getComponentBean:1154) - Unable to get component for id 'SharingRules': Unable to get bean for id 'SharingRules'
 WARN [2015-08-14 09:38:54,216] (ComponentFactory.java:getComponentBean:1154) - Unable to get component for id 'CorsWhitelistOrigin': Unable to get bean for id 'CorsWhitelistOrigin'
 WARN [2015-08-14 09:38:54,218] (ComponentFactory.java:getComponentBean:1154) - Unable to get component for id 'ActionLinkGroupTemplate': Unable to get bean for id 'ActionLinkGroupTemplate'
 WARN [2015-08-14 09:38:54,219] (ComponentFactory.java:getComponentBean:1154) - Unable to get component for id 'SynonymDictionary': Unable to get bean for id 'SynonymDictionary'
 WARN [2015-08-14 09:38:54,869] (ComponentFactory.java:getComponentBean:1154) - Unable to get component for id 'AuraDefinitionBundle': Unable to get bean for id 'AuraDefinitionBundle'
 WARN [2015-08-14 09:38:54,872] (ComponentFactory.java:getComponentBean:1154) - Unable to get component for id 'ExternalDataSource': Unable to get bean for id 'ExternalDataSource'
 WARN [2015-08-14 09:38:54,874] (ComponentFactory.java:getComponentBean:1154) - Unable to get component for id 'NamedCredential': Unable to get bean for id 'NamedCredential'
 WARN [2015-08-14 09:38:54,938] (ComponentFactory.java:getComponentBean:1154) - Unable to get component for id 'MatchingRules': Unable to get bean for id 'MatchingRules'
 WARN [2015-08-14 09:38:54,940] (ComponentFactory.java:getComponentBean:1154) - Unable to get component for id 'ChannelLayout': Unable to get bean for id 'ChannelLayout'
 WARN [2015-08-14 09:38:54,942] (ComponentFactory.java:getComponentBean:1154) - Unable to get component for id 'SharingRules': Unable to get bean for id 'SharingRules'
 WARN [2015-08-14 09:38:54,946] (ComponentFactory.java:getComponentBean:1154) - Unable to get component for id 'CorsWhitelistOrigin': Unable to get bean for id 'CorsWhitelistOrigin'
 WARN [2015-08-14 09:38:54,947] (ComponentFactory.java:getComponentBean:1154) - Unable to get component for id 'ActionLinkGroupTemplate': Unable to get bean for id 'ActionLinkGroupTemplate'
 WARN [2015-08-14 09:38:54,949] (ComponentFactory.java:getComponentBean:1154) - Unable to get component for id 'SynonymDictionary': Unable to get bean for id 'SynonymDictionary'
 WARN [2015-08-14 09:40:06,029] (ProjectController.java:handleRetrieveResults:772) - Failed to retrieve: 'Salesforce Connected Apps/package.xml': Metadata API received improper input. Please ensure file name and capitalization is correct. Load of metadata from db failed for metadata of type:ConnectedApp and file name:Workbench.
 WARN [2015-08-14 09:40:06,030] (ProjectController.java:handleRetrieveResults:772) - Failed to retrieve: 'Salesforce Connected Apps/package.xml': Metadata API received improper input. Please ensure file name and capitalization is correct. Load of metadata from db failed for metadata of type:ConnectedApp and file name:Salesforce_Touch.
 WARN [2015-08-14 09:40:06,031] (ProjectController.java:handleRetrieveResults:772) - Failed to retrieve: 'Salesforce Connected Apps/package.xml': Metadata API received improper input. Please ensure file name and capitalization is correct. Load of metadata from db failed for metadata of type:ConnectedApp and file name:Salesforce_for_Outlook.
 WARN [2015-08-14 09:40:06,083] (ProjectController.java:handleRetrieveResults:772) - Failed to retrieve: 'Salesforce Connected Apps/package.xml': Metadata API received improper input. Please ensure file name and capitalization is correct. Load of metadata from db failed for metadata of type:ConnectedApp and file name:Forcecom_Migration_Tool.
 WARN [2015-08-14 09:40:06,085] (ProjectController.java:handleRetrieveResults:772) - Failed to retrieve: 'Salesforce Connected Apps/package.xml': Metadata API received improper input. Please ensure file name and capitalization is correct. Load of metadata from db failed for metadata of type:ConnectedApp and file name:Salesforce_Mobile_Dashboards.
 WARN [2015-08-14 09:40:06,086] (ProjectController.java:handleRetrieveResults:772) - Failed to retrieve: 'Salesforce Connected Apps/package.xml': Metadata API received improper input. Please ensure file name and capitalization is correct. Load of metadata from db failed for metadata of type:ConnectedApp and file name:Dataloader_Partner.
 WARN [2015-08-14 09:40:06,087] (ProjectController.java:handleRetrieveResults:772) - Failed to retrieve: 'Salesforce Connected Apps/package.xml': Metadata API received improper input. Please ensure file name and capitalization is correct. Load of metadata from db failed for metadata of type:ConnectedApp and file name:Forcecom_IDE.
 WARN [2015-08-14 09:40:06,088] (ProjectController.java:handleRetrieveResults:772) - Failed to retrieve: 'Salesforce Connected Apps/package.xml': Metadata API received improper input. Please ensure file name and capitalization is correct. Load of metadata from db failed for metadata of type:ConnectedApp and file name:Dataloader_Bulk.
 WARN [2015-08-14 09:40:06,089] (ProjectController.java:handleRetrieveResults:772) - Failed to retrieve: 'Salesforce1 and Chatter Apps/package.xml': Metadata API received improper input. Please ensure file name and capitalization is correct. Load of metadata from db failed for metadata of type:ConnectedApp and file name:Salesforce_Chatterbox.
 WARN [2015-08-14 09:40:06,090] (ProjectController.java:handleRetrieveResults:772) - Failed to retrieve: 'Salesforce1 and Chatter Apps/package.xml': Metadata API received improper input. Please ensure file name and capitalization is correct. Load of metadata from db failed for metadata of type:ConnectedApp and file name:Salesforce1_for_Windows.
 WARN [2015-08-14 09:40:06,091] (ProjectController.java:handleRetrieveResults:772) - Failed to retrieve: 'Salesforce1 and Chatter Apps/package.xml': Metadata API received improper input. Please ensure file name and capitalization is correct. Load of metadata from db failed for metadata of type:ConnectedApp and file name:SalesforceA.
 WARN [2015-08-14 09:40:06,092] (ProjectController.java:handleRetrieveResults:772) - Failed to retrieve: 'Salesforce1 and Chatter Apps/package.xml': Metadata API received improper input. Please ensure file name and capitalization is correct. Load of metadata from db failed for metadata of type:ConnectedApp and file name:Chatter_for_BlackBerry.
 WARN [2015-08-14 09:40:06,093] (ProjectController.java:handleRetrieveResults:772) - Failed to retrieve: 'Salesforce1 and Chatter Apps/package.xml': Metadata API received improper input. Please ensure file name and capitalization is correct. Load of metadata from db failed for metadata of type:ConnectedApp and file name:Chatter_for_iOS.
 WARN [2015-08-14 09:40:06,094] (ProjectController.java:handleRetrieveResults:772) - Failed to retrieve: 'Salesforce1 and Chatter Apps/package.xml': Metadata API received improper input. Please ensure file name and capitalization is correct. Load of metadata from db failed for metadata of type:ConnectedApp and file name:Chatter_Desktop.
 WARN [2015-08-14 09:40:06,095] (ProjectController.java:handleRetrieveResults:772) - Failed to retrieve: 'Salesforce1 and Chatter Apps/package.xml': Metadata API received improper input. Please ensure file name and capitalization is correct. Load of metadata from db failed for metadata of type:ConnectedApp and file name:Chatter_for_Android.
 WARN [2015-08-14 09:40:06,112] (ComponentFactory.java:getComponentByFilePath:622) - No id found for filepath 'modules/Dataloader_Bulk_oauth/ConnectivityDevConfigs/Dataloader_Bulk_oauth_devConfig.ConnectivityDevConfig', tagging as component of type 'Unknown'
 WARN [2015-08-14 09:40:06,118] (ComponentFactory.java:getComponentByFilePath:622) - No id found for filepath 'modules/Dataloader_Bulk_oauth/modules/sf_com_apps__Dataloader_Bulk_oauth', tagging as component of type 'Unknown'
 WARN [2015-08-14 09:40:06,141] (ComponentFactory.java:getComponentByFilePath:622) - No id found for filepath 'applicationManifests/Dataloader_Bulk', tagging as component of type 'Unknown'
 WARN [2015-08-14 09:40:06,143] (ComponentFactory.java:getComponentByFilePath:622) - No id found for filepath 'modules/Dataloader_P5r_oauth/ConnectivityDevConfigs/Dataloader_P5r_oauth_devConfig.ConnectivityDevConfig', tagging as component of type 'Unknown'
 WARN [2015-08-14 09:40:06,146] (ComponentFactory.java:getComponentByFilePath:622) - No id found for filepath 'modules/Dataloader_P5r_oauth/modules/sf_com_apps__Dataloader_P5r_oauth', tagging as component of type 'Unknown'
 WARN [2015-08-14 09:40:06,148] (ComponentFactory.java:getComponentByFilePath:622) - No id found for filepath 'applicationManifests/Dataloader_Partner', tagging as component of type 'Unknown'
 WARN [2015-08-14 09:40:06,150] (ComponentFactory.java:getComponentByFilePath:622) - No id found for filepath 'modules/Forcecom_IDE_oauth/ConnectivityDevConfigs/Forcecom_IDE_oauth_devConfig.ConnectivityDevConfig', tagging as component of type 'Unknown'
 WARN [2015-08-14 09:40:06,153] (ComponentFactory.java:getComponentByFilePath:622) - No id found for filepath 'modules/Forcecom_IDE_oauth/modules/sf_com_apps__Forcecom_IDE_oauth', tagging as component of type 'Unknown'
 WARN [2015-08-14 09:40:06,156] (ComponentFactory.java:getComponentByFilePath:622) - No id found for filepath 'applicationManifests/Forcecom_IDE', tagging as component of type 'Unknown'
 WARN [2015-08-14 09:40:06,159] (ComponentFactory.java:getComponentByFilePath:622) - No id found for filepath 'modules/Forcecom_Migration_Tool_oauth/ConnectivityDevConfigs/Forcecom_Migration_Tool_oauth_devConfig.ConnectivityDevConfig', tagging as component of type 'Unknown'
 WARN [2015-08-14 09:40:06,160] (ComponentFactory.java:getComponentByFilePath:622) - No id found for filepath 'modules/Forcecom_Migration_Tool_oauth/modules/sf_com_apps__Forcecom_Migration_Tool_oauth', tagging as component of type 'Unknown'
 WARN [2015-08-14 09:40:06,162] (ComponentFactory.java:getComponentByFilePath:622) - No id found for filepath 'applicationManifests/Forcecom_Migration_Tool', tagging as component of type 'Unknown'
 WARN [2015-08-14 09:40:06,163] (ComponentFactory.java:getComponentByFilePath:622) - No id found for filepath 'modules/S8e_M4e_Dashboards_oauth/ConnectivityDevConfigs/S8e_M4e_Dashboards_oauth_devConfig.ConnectivityDevConfig', tagging as component of type 'Unknown'
 WARN [2015-08-14 09:40:06,165] (ComponentFactory.java:getComponentByFilePath:622) - No id found for filepath 'modules/S8e_M4e_Dashboards_oauth/modules/sf_com_apps__S8e_M4e_Dashboards_oauth', tagging as component of type 'Unknown'
 WARN [2015-08-14 09:40:06,167] (ComponentFactory.java:getComponentByFilePath:622) - No id found for filepath 'applicationManifests/Salesforce_Mobile_Dashboards', tagging as component of type 'Unknown'
 WARN [2015-08-14 09:40:06,169] (ComponentFactory.java:getComponentByFilePath:622) - No id found for filepath 'modules/S8e_T3h_oauth/ConnectivityDevConfigs/S8e_T3h_oauth_devConfig.ConnectivityDevConfig', tagging as component of type 'Unknown'
 WARN [2015-08-14 09:40:06,171] (ComponentFactory.java:getComponentByFilePath:622) - No id found for filepath 'modules/S8e_T3h_oauth/modules/sf_com_apps__S8e_T3h_oauth', tagging as component of type 'Unknown'
 WARN [2015-08-14 09:40:06,173] (ComponentFactory.java:getComponentByFilePath:622) - No id found for filepath 'applicationManifests/Salesforce_Touch', tagging as component of type 'Unknown'
 WARN [2015-08-14 09:40:06,175] (ComponentFactory.java:getComponentByFilePath:622) - No id found for filepath 'modules/S8e_for_Outlook_oauth/ConnectivityDevConfigs/S8e_for_Outlook_oauth_devConfig.ConnectivityDevConfig', tagging as component of type 'Unknown'
 WARN [2015-08-14 09:40:06,177] (ComponentFactory.java:getComponentByFilePath:622) - No id found for filepath 'modules/S8e_for_Outlook_oauth/modules/sf_com_apps__S8e_for_Outlook_oauth', tagging as component of type 'Unknown'
 WARN [2015-08-14 09:40:06,178] (ComponentFactory.java:getComponentByFilePath:622) - No id found for filepath 'applicationManifests/Salesforce_for_Outlook', tagging as component of type 'Unknown'
 WARN [2015-08-14 09:40:06,180] (ComponentFactory.java:getComponentByFilePath:622) - No id found for filepath 'modules/Workbench_oauth/ConnectivityDevConfigs/Workbench_oauth_devConfig.ConnectivityDevConfig', tagging as component of type 'Unknown'
 WARN [2015-08-14 09:40:06,182] (ComponentFactory.java:getComponentByFilePath:622) - No id found for filepath 'modules/Workbench_oauth/modules/sf_com_apps__Workbench_oauth', tagging as component of type 'Unknown'
 WARN [2015-08-14 09:40:06,184] (ComponentFactory.java:getComponentByFilePath:622) - No id found for filepath 'applicationManifests/Workbench', tagging as component of type 'Unknown'
ERROR [2015-08-14 09:40:06,186] (ProjectPackageList.java:generateComponents:482) - Filepath-zip mapping is null or empty for package 'Salesforce Connected Apps' [0A3o0000000PpRQCA0] - skipping component generation
 WARN [2015-08-14 09:40:06,187] (ComponentFactory.java:getComponentByFilePath:622) - No id found for filepath 'modules/C5r_Desktop_oauth/ConnectivityDevConfigs/C5r_Desktop_oauth_devConfig.ConnectivityDevConfig', tagging as component of type 'Unknown'
 WARN [2015-08-14 09:40:06,189] (ComponentFactory.java:getComponentByFilePath:622) - No id found for filepath 'modules/C5r_Desktop_oauth/modules/sf_chttr_apps__C5r_Desktop_oauth', tagging as component of type 'Unknown'
 WARN [2015-08-14 09:40:06,191] (ComponentFactory.java:getComponentByFilePath:622) - No id found for filepath 'applicationManifests/Chatter_Desktop', tagging as component of type 'Unknown'
 WARN [2015-08-14 09:40:06,193] (ComponentFactory.java:getComponentByFilePath:622) - No id found for filepath 'modules/C5r_for_Android_oauth_android/AndroidPushApplicationSetup/C5r_for_Android_oauth_androidAndroidPushApplicationSetup.AndroidPushApplicationSetup', tagging as component of type 'Unknown'
 WARN [2015-08-14 09:40:06,194] (ComponentFactory.java:getComponentByFilePath:622) - No id found for filepath 'modules/C5r_for_Android_oauth_android/modules/sf_chttr_apps__C5r_for_Android_oauth_android', tagging as component of type 'Unknown'
 WARN [2015-08-14 09:40:06,196] (ComponentFactory.java:getComponentByFilePath:622) - No id found for filepath 'modules/C5r_for_Android_oauth/ConnectivityDevConfigs/C5r_for_Android_oauth_devConfig.ConnectivityDevConfig', tagging as component of type 'Unknown'
 WARN [2015-08-14 09:40:06,198] (ComponentFactory.java:getComponentByFilePath:622) - No id found for filepath 'modules/C5r_for_Android_oauth/modules/sf_chttr_apps__C5r_for_Android_oauth', tagging as component of type 'Unknown'
 WARN [2015-08-14 09:40:06,200] (ComponentFactory.java:getComponentByFilePath:622) - No id found for filepath 'applicationManifests/Chatter_for_Android', tagging as component of type 'Unknown'
 WARN [2015-08-14 09:40:06,201] (ComponentFactory.java:getComponentByFilePath:622) - No id found for filepath 'modules/C5r_for_BlackBerry_oauth/ConnectivityDevConfigs/C5r_for_BlackBerry_oauth_devConfig.ConnectivityDevConfig', tagging as component of type 'Unknown'
 WARN [2015-08-14 09:40:06,203] (ComponentFactory.java:getComponentByFilePath:622) - No id found for filepath 'modules/C5r_for_BlackBerry_oauth/modules/sf_chttr_apps__C5r_for_BlackBerry_oauth', tagging as component of type 'Unknown'
 WARN [2015-08-14 09:40:06,205] (ComponentFactory.java:getComponentByFilePath:622) - No id found for filepath 'applicationManifests/Chatter_for_BlackBerry', tagging as component of type 'Unknown'
 WARN [2015-08-14 09:40:06,207] (ComponentFactory.java:getComponentByFilePath:622) - No id found for filepath 'modules/C5r_for_iOS_oauth_apple/ApplePushApplicationSetup/C5r_for_iOS_oauth_appleApplePushApplicationSetup.ApplePushApplicationSetup', tagging as component of type 'Unknown'
 WARN [2015-08-14 09:40:06,209] (ComponentFactory.java:getComponentByFilePath:622) - No id found for filepath 'modules/C5r_for_iOS_oauth_apple/modules/sf_chttr_apps__C5r_for_iOS_oauth_apple', tagging as component of type 'Unknown'
 WARN [2015-08-14 09:40:06,211] (ComponentFactory.java:getComponentByFilePath:622) - No id found for filepath 'modules/C5r_for_iOS_oauth/ConnectivityDevConfigs/C5r_for_iOS_oauth_devConfig.ConnectivityDevConfig', tagging as component of type 'Unknown'
 WARN [2015-08-14 09:40:06,212] (ComponentFactory.java:getComponentByFilePath:622) - No id found for filepath 'modules/C5r_for_iOS_oauth/modules/sf_chttr_apps__C5r_for_iOS_oauth', tagging as component of type 'Unknown'
 WARN [2015-08-14 09:40:06,214] (ComponentFactory.java:getComponentByFilePath:622) - No id found for filepath 'applicationManifests/Chatter_for_iOS', tagging as component of type 'Unknown'
 WARN [2015-08-14 09:40:06,216] (ComponentFactory.java:getComponentByFilePath:622) - No id found for filepath 'modules/S91_for_Windows_oauth/ConnectivityDevConfigs/S91_for_Windows_oauth_devConfig.ConnectivityDevConfig', tagging as component of type 'Unknown'
 WARN [2015-08-14 09:40:06,217] (ComponentFactory.java:getComponentByFilePath:622) - No id found for filepath 'modules/S91_for_Windows_oauth/modules/sf_chttr_apps__S91_for_Windows_oauth', tagging as component of type 'Unknown'
 WARN [2015-08-14 09:40:06,219] (ComponentFactory.java:getComponentByFilePath:622) - No id found for filepath 'applicationManifests/Salesforce1_for_Windows', tagging as component of type 'Unknown'
 WARN [2015-08-14 09:40:06,221] (ComponentFactory.java:getComponentByFilePath:622) - No id found for filepath 'modules/S9A_oauth/ConnectivityDevConfigs/S9A_oauth_devConfig.ConnectivityDevConfig', tagging as component of type 'Unknown'
 WARN [2015-08-14 09:40:06,223] (ComponentFactory.java:getComponentByFilePath:622) - No id found for filepath 'modules/S9A_oauth/modules/sf_chttr_apps__S9A_oauth', tagging as component of type 'Unknown'
 WARN [2015-08-14 09:40:06,224] (ComponentFactory.java:getComponentByFilePath:622) - No id found for filepath 'applicationManifests/SalesforceA', tagging as component of type 'Unknown'
 WARN [2015-08-14 09:40:06,226] (ComponentFactory.java:getComponentByFilePath:622) - No id found for filepath 'modules/S8e_C8x_oauth/ConnectivityDevConfigs/S8e_C8x_oauth_devConfig.ConnectivityDevConfig', tagging as component of type 'Unknown'
 WARN [2015-08-14 09:40:06,228] (ComponentFactory.java:getComponentByFilePath:622) - No id found for filepath 'modules/S8e_C8x_oauth/modules/sf_chttr_apps__S8e_C8x_oauth', tagging as component of type 'Unknown'
 WARN [2015-08-14 09:40:06,230] (ComponentFactory.java:getComponentByFilePath:622) - No id found for filepath 'applicationManifests/Salesforce_Chatterbox', tagging as component of type 'Unknown'
ERROR [2015-08-14 09:40:06,231] (ProjectPackageList.java:generateComponents:482) - Filepath-zip mapping is null or empty for package 'Salesforce1 and Chatter Apps' [0A3o0000000PrP7CAK] - skipping component generation
 WARN [2015-08-14 09:40:12,999] (ProjectPackageList.java:saveResources:1159) - Component list in project package 'Salesforce Connected Apps' is empty.  No resources to save.
 WARN [2015-08-14 09:40:14,408] (ProjectPackageList.java:saveResources:1159) - Component list in project package 'Salesforce1 and Chatter Apps' is empty.  No resources to save.
ERROR [2015-08-14 13:41:32,609] (MetadataOperationsRetryAspect.java:metadataOperationsRetry:34) - ForceRemoteException occurred while attempting to perform a metadata operation
 WARN [2015-08-14 13:41:55,117] (ComponentFactory.java:getCompositeComponentFromComponent:1102) - Unable to load existing 'classes/OpportunityTab.cls-meta.xml' from project - associated component's file resource is null.  Assuming new.
 WARN [2015-08-14 13:41:55,396] (ComponentController.java:deploy:402) - Remote save aborted - project is not online enabled
 WARN [2015-08-14 13:41:55,419] (Utils.java:loadDocument:799) - Unable to load document: /Users/z/Documents/workspace/.metadata/.plugins/org.eclipse.core.resources/.projects/TestApp/com.salesforce.ide.core/packageCache.xml (No such file or directory)
 WARN [2015-08-14 13:41:55,420] (ComponentController.java:run:380) - Unable to update cache with new component Apex Class - cache is not found
 WARN [2015-08-14 13:41:55,671] (DefaultBuilder.java:applyDirtyMarkers:93) - TODO: apply 'Save locally only...' markers on each resource
 WARN [2015-08-14 13:48:25,634] (ComponentFactory.java:getCompositeComponentFromComponent:1102) - Unable to load existing 'pages/OpportunitiesTab.page-meta.xml' from project - associated component's file resource is null.  Assuming new.
 WARN [2015-08-14 13:48:25,896] (ComponentController.java:deploy:402) - Remote save aborted - project is not online enabled
 WARN [2015-08-14 13:48:25,898] (Utils.java:loadDocument:799) - Unable to load document: /Users/z/Documents/workspace/.metadata/.plugins/org.eclipse.core.resources/.projects/TestApp/com.salesforce.ide.core/packageCache.xml (No such file or directory)
 WARN [2015-08-14 13:48:25,899] (ComponentController.java:run:380) - Unable to update cache with new component Visualforce Page - cache is not found
 WARN [2015-08-14 13:48:26,124] (DefaultBuilder.java:applyDirtyMarkers:93) - TODO: apply 'Save locally only...' markers on each resource
 WARN [2015-08-14 14:16:18,396] (DefaultBuilder.java:applyDirtyMarkers:93) - TODO: apply 'Save locally only...' markers on each resource
 WARN [2015-08-14 17:22:54,110] (ConnectionFactory.java:clearCache:220) - Clearing the following cached connections
 WARN [2015-08-14 17:22:54,126] (DescribeObjectRegistry.java:clearCache:664) - Clearing cached describes
 WARN [2015-08-14 17:22:54,126] (MetadataFactory.java:clearCache:129) - Clearing the following cached metadata stubs
